<?xml version="1.0" encoding="UTF-8"?>
<!-- Generated by org.testng.reporters.JUnitReportReporter -->
<testsuite hostname="LAPTOP-U48TQITT" failures="0" tests="4" name="THREAD4.thread4" time="3.687" errors="0" timestamp="2022-10-10T13:09:08 IST" skipped="0">
  <testcase classname="THREAD4.thread4" name="test1" time="0.003"/>
  <system-out/>
  <testcase classname="THREAD4.thread4" name="test2" time="0.001"/>
  <system-out/>
  <testcase classname="THREAD4.thread4" name="test3" time="0.003"/>
  <system-out/>
  <testcase classname="THREAD4.thread4" name="browser" time="3.680"/>
  <system-out/>
</testsuite> <!-- THREAD4.thread4 -->
