<?xml version="1.0" encoding="UTF-8"?>
<!-- Generated by org.testng.reporters.JUnitReportReporter -->
<testsuite hostname="LAPTOP-U48TQITT" failures="0" tests="4" name="threaD3.thread3" time="2.197" errors="0" timestamp="2022-10-10T13:09:08 IST" skipped="1">
  <testcase classname="threaD3.thread3" name="browser" time="2.193"/>
  <system-out/>
  <testcase classname="threaD3.thread3" name="test2" time="0.001"/>
  <system-out/>
  <testcase classname="threaD3.thread3" name="test3" time="0.003"/>
  <system-out/>
  <testcase classname="threaD3.thread3" name="test1">
    <skipped/>
  </testcase> <!-- test1 -->
  <system-out/>
</testsuite> <!-- threaD3.thread3 -->
